-------------------------------------------------------------------------------
Test set: com.noveogroup.java.util.ValueGeneratorTest
-------------------------------------------------------------------------------
Tests run: 4, Failures: 0, Errors: 0, Skipped: 0, Time elapsed: 0.004 sec - in com.noveogroup.java.util.ValueGeneratorTest
testNextWordFail(com.noveogroup.java.util.ValueGeneratorTest)  Time elapsed: 0.001 sec
testNextEmail(com.noveogroup.java.util.ValueGeneratorTest)  Time elapsed: 0 sec
testNextDate(com.noveogroup.java.util.ValueGeneratorTest)  Time elapsed: 0 sec
testNextWord(com.noveogroup.java.util.ValueGeneratorTest)  Time elapsed: 0 sec
